2019-08-08 09:05:35 INFO  Engine$:112 - Auto detect executor number and executor cores number
2019-08-08 09:05:35 INFO  Engine$:114 - Executor number is 1 and executor cores number is 2
2019-08-08 09:05:35 INFO  ThreadPool$:86 - Set mkl threads to 1 on thread 24
2019-08-08 09:05:35 WARN  SparkContext:66 - Using an existing SparkContext; some configuration may not take effect.
2019-08-08 09:05:35 INFO  Engine$:387 - Find existing spark context. Checking the spark conf...
2019-08-08 09:05:35 INFO  SharedState:54 - spark.sql.warehouse.dir is not set, but hive.metastore.warehouse.dir is set. Setting spark.sql.warehouse.dir to the value of hive.metastore.warehouse.dir ('/user/hive/warehouse').
2019-08-08 09:05:35 INFO  SharedState:54 - Warehouse path is '/user/hive/warehouse'.
2019-08-08 09:05:35 INFO  ContextHandler:744 - Started o.s.j.s.ServletContextHandler@1c3e4a5d{/SQL,null,AVAILABLE}
2019-08-08 09:05:35 INFO  ContextHandler:744 - Started o.s.j.s.ServletContextHandler@7bc032a0{/SQL/json,null,AVAILABLE}
2019-08-08 09:05:35 INFO  ContextHandler:744 - Started o.s.j.s.ServletContextHandler@50da0e2b{/SQL/execution,null,AVAILABLE}
2019-08-08 09:05:35 INFO  ContextHandler:744 - Started o.s.j.s.ServletContextHandler@72269bcc{/SQL/execution/json,null,AVAILABLE}
2019-08-08 09:05:35 INFO  ContextHandler:744 - Started o.s.j.s.ServletContextHandler@17464146{/static/sql,null,AVAILABLE}
2019-08-08 09:06:21 INFO  ServerConnector:306 - Stopped ServerConnector@59acdccf{HTTP/1.1}{0.0.0.0:4040}
2019-08-08 09:06:21 INFO  ContextHandler:865 - Stopped o.s.j.s.ServletContextHandler@767123cc{/stages/stage/kill,null,UNAVAILABLE}
2019-08-08 09:06:21 INFO  ContextHandler:865 - Stopped o.s.j.s.ServletContextHandler@3fd546c1{/jobs/job/kill,null,UNAVAILABLE}
2019-08-08 09:06:21 INFO  ContextHandler:865 - Stopped o.s.j.s.ServletContextHandler@57a1d746{/api,null,UNAVAILABLE}
2019-08-08 09:06:21 INFO  ContextHandler:865 - Stopped o.s.j.s.ServletContextHandler@611b0927{/,null,UNAVAILABLE}
2019-08-08 09:06:21 INFO  ContextHandler:865 - Stopped o.s.j.s.ServletContextHandler@7b964f78{/static,null,UNAVAILABLE}
2019-08-08 09:06:21 INFO  ContextHandler:865 - Stopped o.s.j.s.ServletContextHandler@712327f4{/executors/threadDump/json,null,UNAVAILABLE}
2019-08-08 09:06:21 INFO  ContextHandler:865 - Stopped o.s.j.s.ServletContextHandler@537cbe1c{/executors/threadDump,null,UNAVAILABLE}
2019-08-08 09:06:21 INFO  ContextHandler:865 - Stopped o.s.j.s.ServletContextHandler@38a45663{/executors/json,null,UNAVAILABLE}
2019-08-08 09:06:21 INFO  ContextHandler:865 - Stopped o.s.j.s.ServletContextHandler@cb0d1f1{/executors,null,UNAVAILABLE}
2019-08-08 09:06:21 INFO  ContextHandler:865 - Stopped o.s.j.s.ServletContextHandler@774ab6f9{/environment/json,null,UNAVAILABLE}
2019-08-08 09:06:21 INFO  ContextHandler:865 - Stopped o.s.j.s.ServletContextHandler@78127427{/environment,null,UNAVAILABLE}
2019-08-08 09:06:21 INFO  ContextHandler:865 - Stopped o.s.j.s.ServletContextHandler@3d113622{/storage/rdd/json,null,UNAVAILABLE}
2019-08-08 09:06:21 INFO  ContextHandler:865 - Stopped o.s.j.s.ServletContextHandler@5685b099{/storage/rdd,null,UNAVAILABLE}
2019-08-08 09:06:21 INFO  ContextHandler:865 - Stopped o.s.j.s.ServletContextHandler@26853a56{/storage/json,null,UNAVAILABLE}
2019-08-08 09:06:21 INFO  ContextHandler:865 - Stopped o.s.j.s.ServletContextHandler@38dfa324{/storage,null,UNAVAILABLE}
2019-08-08 09:06:21 INFO  ContextHandler:865 - Stopped o.s.j.s.ServletContextHandler@7663a388{/stages/pool/json,null,UNAVAILABLE}
2019-08-08 09:06:21 INFO  ContextHandler:865 - Stopped o.s.j.s.ServletContextHandler@6b437661{/stages/pool,null,UNAVAILABLE}
2019-08-08 09:06:21 INFO  ContextHandler:865 - Stopped o.s.j.s.ServletContextHandler@145142b3{/stages/stage/json,null,UNAVAILABLE}
2019-08-08 09:06:21 INFO  ContextHandler:865 - Stopped o.s.j.s.ServletContextHandler@5e120c0c{/stages/stage,null,UNAVAILABLE}
2019-08-08 09:06:21 INFO  ContextHandler:865 - Stopped o.s.j.s.ServletContextHandler@2f965574{/stages/json,null,UNAVAILABLE}
2019-08-08 09:06:21 INFO  ContextHandler:865 - Stopped o.s.j.s.ServletContextHandler@51f5d313{/stages,null,UNAVAILABLE}
2019-08-08 09:06:21 INFO  ContextHandler:865 - Stopped o.s.j.s.ServletContextHandler@28ac44b1{/jobs/job/json,null,UNAVAILABLE}
2019-08-08 09:06:21 INFO  ContextHandler:865 - Stopped o.s.j.s.ServletContextHandler@3478a1b3{/jobs/job,null,UNAVAILABLE}
2019-08-08 09:06:21 INFO  ContextHandler:865 - Stopped o.s.j.s.ServletContextHandler@641341d8{/jobs/json,null,UNAVAILABLE}
2019-08-08 09:06:21 INFO  ContextHandler:865 - Stopped o.s.j.s.ServletContextHandler@79700a15{/jobs,null,UNAVAILABLE}
2019-08-08 09:06:21 INFO  SparkUI:54 - Stopped Spark web UI at http://172.30.10.84:4040
2019-08-08 09:06:21 INFO  MapOutputTrackerMasterEndpoint:54 - MapOutputTrackerMasterEndpoint stopped!
2019-08-08 09:06:21 INFO  MemoryStore:54 - MemoryStore cleared
2019-08-08 09:06:21 INFO  BlockManager:54 - BlockManager stopped
2019-08-08 09:06:21 INFO  BlockManagerMaster:54 - BlockManagerMaster stopped
2019-08-08 09:06:21 INFO  OutputCommitCoordinator$OutputCommitCoordinatorEndpoint:54 - OutputCommitCoordinator stopped!
2019-08-08 09:06:21 INFO  ShutdownHookManager:54 - Shutdown hook called
2019-08-08 09:06:21 INFO  ShutdownHookManager:54 - Deleting directory /tmp/spark-304a9f6b-2c64-4571-a96f-339c093227cf
2019-08-08 09:06:21 INFO  ShutdownHookManager:54 - Deleting directory /tmp/spark-304a9f6b-2c64-4571-a96f-339c093227cf/pyspark-b515edfb-acac-4f18-836f-a38e36be3c77
